<?xml version="1.0" encoding="UTF-8"?>
<!-- Generated by org.testng.reporters.JUnitXMLReporter -->
<testsuite ignored="0" hostname="USCHIRBALASUBR2" failures="1" tests="1" name="Test" time="292.852" errors="0" timestamp="2024-09-15T20:43:35 EDT">
  <testcase classname="IopOperations.IopProject.OhioIdOTPTest" name="fetchOTP" time="292.769">
    <failure type="org.openqa.selenium.ElementClickInterceptedException" message="Element &amp;lt;button class=&amp;quot;reset-password&amp;quot; type=&amp;quot;submit&amp;quot;&amp;gt; is not clickable at point (1118,739) because another element &amp;lt;div id=&amp;quot;reset-password-input&amp;quot; class=&amp;quot;lex-ui-custom-container&amp;quot;&amp;gt; obscures it
Build info: version: &amp;apos;4.20.0&amp;apos;, revision: &amp;apos;866c76ca80&amp;apos;
System info: os.name: &amp;apos;Windows 10&amp;apos;, os.arch: &amp;apos;amd64&amp;apos;, os.version: &amp;apos;10.0&amp;apos;, java.version: &amp;apos;16.0.2&amp;apos;
Driver info: org.openqa.selenium.firefox.FirefoxDriver
Command: [9917f48b-b756-4f01-b815-ee5cbbc737d1, clickElement {id=09f92622-122e-41e5-8fa9-1aaf491fd9f9}]
Capabilities {acceptInsecureCerts: true, browserName: firefox, browserVersion: 130.0, moz:accessibilityChecks: false, moz:buildID: 20240829075237, moz:geckodriverVersion: 0.35.0, moz:headless: false, moz:platformVersion: 10.0, moz:processID: 40076, moz:profile: C:\Users\RBALAS~1\AppData\L..., moz:shutdownTimeout: 60000, moz:webdriverClick: true, moz:windowless: false, pageLoadStrategy: normal, platformName: windows, proxy: Proxy(), setWindowRect: true, strictFileInteractability: false, timeouts: {implicit: 0, pageLoad: 300000, script: 30000}, unhandledPromptBehavior: dismiss and notify, userAgent: Mozilla/5.0 (Windows NT 10....}
Element: [[FirefoxDriver: firefox on windows (9917f48b-b756-4f01-b815-ee5cbbc737d1)] -&amp;gt; xpath: //*[@id=&amp;apos;reset-password-input&amp;apos;]/button]
Session ID: 9917f48b-b756-4f01-b815-ee5cbbc737d1">
      <![CDATA[org.openqa.selenium.ElementClickInterceptedException: Element <button class="reset-password" type="submit"> is not clickable at point (1118,739) because another element <div id="reset-password-input" class="lex-ui-custom-container"> obscures it
Build info: version: '4.20.0', revision: '866c76ca80'
System info: os.name: 'Windows 10', os.arch: 'amd64', os.version: '10.0', java.version: '16.0.2'
Driver info: org.openqa.selenium.firefox.FirefoxDriver
Command: [9917f48b-b756-4f01-b815-ee5cbbc737d1, clickElement {id=09f92622-122e-41e5-8fa9-1aaf491fd9f9}]
Capabilities {acceptInsecureCerts: true, browserName: firefox, browserVersion: 130.0, moz:accessibilityChecks: false, moz:buildID: 20240829075237, moz:geckodriverVersion: 0.35.0, moz:headless: false, moz:platformVersion: 10.0, moz:processID: 40076, moz:profile: C:\Users\RBALAS~1\AppData\L..., moz:shutdownTimeout: 60000, moz:webdriverClick: true, moz:windowless: false, pageLoadStrategy: normal, platformName: windows, proxy: Proxy(), setWindowRect: true, strictFileInteractability: false, timeouts: {implicit: 0, pageLoad: 300000, script: 30000}, unhandledPromptBehavior: dismiss and notify, userAgent: Mozilla/5.0 (Windows NT 10....}
Element: [[FirefoxDriver: firefox on windows (9917f48b-b756-4f01-b815-ee5cbbc737d1)] -> xpath: //*[@id='reset-password-input']/button]
Session ID: 9917f48b-b756-4f01-b815-ee5cbbc737d1
at org.openqa.selenium.remote.ErrorCodec.decode(ErrorCodec.java:167)
at org.openqa.selenium.remote.codec.w3c.W3CHttpResponseCodec.decode(W3CHttpResponseCodec.java:138)
at org.openqa.selenium.remote.codec.w3c.W3CHttpResponseCodec.decode(W3CHttpResponseCodec.java:50)
at org.openqa.selenium.remote.HttpCommandExecutor.execute(HttpCommandExecutor.java:190)
at org.openqa.selenium.remote.service.DriverCommandExecutor.invokeExecute(DriverCommandExecutor.java:216)
at org.openqa.selenium.remote.service.DriverCommandExecutor.execute(DriverCommandExecutor.java:174)
at org.openqa.selenium.remote.RemoteWebDriver.execute(RemoteWebDriver.java:518)
at org.openqa.selenium.remote.RemoteWebElement.execute(RemoteWebElement.java:223)
at org.openqa.selenium.remote.RemoteWebElement.click(RemoteWebElement.java:76)
at IopOperations.IopProject.OhioIdOTPTest.fetchOTP(OhioIdOTPTest.java:546)
at java.base/java.util.ArrayList.forEach(ArrayList.java:1511)
... Removed 32 stack frames]]>
    </failure>
  </testcase> <!-- fetchOTP -->
</testsuite> <!-- Test -->
